A D/NodeList////
A D/analytics////
A D/app////
A D/atom////
A D/av////
A D/calc////
A D/charting////
A D/collections////
A D/color////
A D/cometd////
A D/css3////
A D/data////
A D/date////
A D/dnd////
A D/drawing////
A D/dtl////
A D/editor////
A D/embed////
A D/encoding////
A D/flash////
A D/form////
A D/fx////
A D/gantt////
A D/gauges////
A D/geo////
A D/gesture////
A D/gfx////
A D/gfx3d////
A D/grid////
A D/help////
A D/highlight////
A D/html////
A D/image////
A D/io////
A D/jq////
A D/json////
A D/jsonPath////
A D/lang////
A D/layout////
A D/math////
A D/mdnd////
A D/mobile////
A D/mvc////
A D/rails////
A D/resources////
A D/robot////
A D/rpc////
A D/secure////
A D/sketch////
A D/socket////
A D/sql////
A D/storage////
A D/store////
A D/string////
A D/testing////
A D/timing////
A D/uuid////
A D/validate////
A D/widget////
A D/wire////
A D/xml////
A D/xmpp////
